This is TeX, Version 3.141592653 (TeX Live 2021/GNU Guix) (preloaded format=tex 2022.5.8)  26 JUL 2022 12:31
**perm4.tex
(./perm4.tex 1. Plain T\kern -.1667em\lower .5ex\hbox {E}\kern -.125emXnology  2. Permutations  3. The Wide-Awake example Group 
Missing character: There is no ^^e2 in font cmr10!
Missing character: There is no ^^80 in font cmr10!
Missing character: There is no ^^99 in font cmr10!

Underfull \hbox (badness 10000) in paragraph at lines 47--56
[]\tenrm We re-think*, re-word, and re-start with a set of at-tributes, el-e-ments or ob-jects, 

\hbox(7.5+1.94444)x480.0, glue set 5.4349
.\hbox(0.0+0.0)x20.0
.\tenrm W
.\kern-0.83334
.\tenrm e
.\glue(\spaceskip) 3.33298
.etc.

[1] 4. Creating the Woozy set  5. Accounting for these Arrangements  [2]
Underfull \vbox (badness 1688) has occurred while \output is active
\vbox(300.0+3.5)x480.0, glue set 2.56673
.\glue(\topskip) 3.05556
.\hbox(6.94444+1.94444)x480.0, glue set 284.75652fil
..\tenbf 5
..\tenbf .
..\glue(\xspaceskip) 5.0
..\tenbf A
..\tenbf c
..etc.
.\penalty 10000
.\glue 3.0 plus 1.0 minus 1.0
.\glue(\parskip) 0.0 plus 1.0
.etc.

 [3] 6. Making concrete Space 
Underfull \hbox (badness 10000) in paragraph at lines 158--163
[]\tenrm Given $\teni W$ \tenrm as above, we have 

\hbox(6.94444+1.94444)x480.0, glue set 16.95213
.\hbox(0.0+0.0)x20.0
.\tenrm G
.\tenrm i
.\tenrm v
.\kern-0.27779
.etc.

[4]
Underfull \vbox (badness 10000) has occurred while \output is active
\vbox(300.0+2.5)x480.0, glue set 4.74617
.\glue(\topskip) 3.05556
.\hbox(6.94444+1.94444)x480.0, glue set 253.44688fil
..\hbox(0.0+0.0)x20.0
..\tenrm L
..\tenrm e
..\tenrm t
..\tenrm '
..etc.
.\glue 12.0 plus 4.0 minus 4.0
.\glue(\parskip) 0.0 plus 1.0
.\glue(\baselineskip) 1.25714
.etc.

 [5] 7. A few observations to count 
Underfull \vbox (badness 10000) has occurred while \output is active
\vbox(300.0+2.5)x480.0, glue set 25.3288
.\glue(\topskip) 3.05556
.\hbox(6.94444+0.0)x480.0, glue set 323.54836fil
..\tenbf 7
..\tenbf .
..\glue(\xspaceskip) 5.0
..\tenbf A
..\glue 3.33298
..etc.
.\penalty 10000
.\glue 3.0 plus 1.0 minus 1.0
.\glue(\parskip) 0.0 plus 1.0
.etc.

 [6] 8. The Series of Sequences  [7]
Underfull \vbox (badness 10000) has occurred while \output is active
\vbox(300.0+0.0)x480.0, glue set 14.0
.\glue(\topskip) 3.05556
.\hbox(6.94444+1.94444)x480.0, glue set 0.88498
..\hbox(0.0+0.0)x20.0
..\tenrm W
..\kern-0.83334
..\tenrm e
..\glue(\spaceskip) 3.33298
..etc.
.\penalty 300
.\glue(\baselineskip) 3.11111
.\hbox(6.94444+1.94444)x480.0, glue set 42.22816fil
..\tenrm 3
..\tenrm -
..\discretionary
..\tenrm t
..\tenrm u
..etc.
.etc.

 [8]
Underfull \vbox (badness 10000) has occurred while \output is active
\vbox(300.0+0.0)x480.0, glue set 17.42857
.\glue(\topskip) 2.5
.\hbox(7.5+2.5)x480.0, glue set 0.54054
..\hbox(0.0+0.0)x20.0
..\tenrm W
..\kern-0.83334
..\tenrm e
..\glue(\spaceskip) 3.33298
..etc.
.\penalty 150
.\glue(\baselineskip) 2.55556
.\hbox(6.94444+1.94444)x480.0, glue set 0.31247
..\tenrm i
..\tenrm t
..\tenrm s
..\glue(\spaceskip) 3.33298
..\tenrm r
..etc.
.etc.

 [9]
Underfull \vbox (badness 10000) has occurred while \output is active
\vbox(300.0+2.5)x480.0
.\glue(\topskip) 2.5
.\hbox(7.5+2.5)x480.0, glue set 0.5558
..\hbox(0.0+0.0)x20.0
..\mathon
..\tensy f
..\mathoff
..\glue(\spaceskip) 3.33298
..etc.
.\penalty 300
.\glue(\baselineskip) 2.0
.\hbox(7.5+2.5)x480.0, glue set 295.002fil
..\tenrm 3
..\tenrm 2
..\tenrm 4
..\tenrm 1
..\tenrm ,
..etc.

 [10]
Underfull \vbox (badness 10000) has occurred while \output is active
\vbox(300.0+3.5)x480.0, glue set 6.88889
.\glue(\topskip) 3.05556
.\hbox(6.94444+1.94444)x480.0, glue set 1.25854
..\hbox(0.0+0.0)x20.0
..\tenrm A
..\tenrm g
..\tenrm a
..\tenrm i
..etc.
.\penalty 400
.\glue(\baselineskip) 3.11111
.\hbox(6.94444+1.94444)x480.0, glue set 135.64218fil
..\tenrm s
..\tenrm t
..\tenrm a
..\tenrm n
..\tenrm c
..etc.
.etc.

 [11] 9. A Group of Permutations  [12] [13]
Underfull \vbox (badness 6252) has occurred while \output is active
\vbox(300.0+0.0)x480.0, glue set 3.97223
.\glue(\topskip) 2.5
.\hbox(7.5+2.5)x480.0, glue set 325.4981fil
..\hbox(0.0+0.0)x20.0
..\tenrm W
..\kern-0.83334
..\tenrm e
..\glue(\spaceskip) 3.33298
..etc.
.\penalty 10000
.\glue(\abovedisplayskip) 12.0 plus 3.0 minus 9.0
.\glue(\baselineskip) 2.0
.etc.

 [14] 10. The example 2F 2R cycle and its abstraction  [15] )
Output written on perm4.dvi (15 pages, 31984 bytes).
